<?xml version="1.0" encoding="UTF-8"?>
<!-- Generated by org.testng.reporters.JUnitXMLReporter -->
<testsuite ignored="0" hostname="AGUS-PC" failures="0" tests="4" name="Default test" time="29.663" errors="0" timestamp="2022-11-16T21:39:25 ART">
  <testcase classname="DemoblazeTest.DemoblazeTest" name="loadPage" time="1.378"/>
  <testcase classname="DemoblazeTest.DemoblazeTest" name="invalidLogin" time="2.008"/>
  <testcase classname="DemoblazeTest.DemoblazeTest" name="validLogin" time="2.665"/>
  <testcase classname="DemoblazeTest.DemoblazeTest" name="searchProduct" time="5.618"/>
</testsuite> <!-- Default test -->
