<?xml version="1.0" encoding="UTF-8"?>
<testng-results ignored="0" total="4" passed="4" failed="0" skipped="0">
  <reporter-output>
  </reporter-output>
  <suite started-at="2022-11-16T21:38:55 ART" name="Default suite" finished-at="2022-11-16T21:39:25 ART" duration-ms="29663">
    <groups>
    </groups>
    <test started-at="2022-11-16T21:38:55 ART" name="Default test" finished-at="2022-11-16T21:39:25 ART" duration-ms="29663">
      <class name="DemoblazeTest.DemoblazeTest">
        <test-method is-config="true" signature="launchBrowser()[pri:0, instance:DemoblazeTest.DemoblazeTest@21e360a]" started-at="2022-11-16T21:38:55 ART" name="launchBrowser" finished-at="2022-11-16T21:38:57 ART" duration-ms="1730" status="PASS">
          <reporter-output>
          </reporter-output>
        </test-method> <!-- launchBrowser -->
        <test-method signature="loadPage()[pri:1, instance:DemoblazeTest.DemoblazeTest@21e360a]" started-at="2022-11-16T21:38:57 ART" name="loadPage" finished-at="2022-11-16T21:38:58 ART" duration-ms="1378" status="PASS">
          <reporter-output>
          </reporter-output>
        </test-method> <!-- loadPage -->
        <test-method signature="invalidLogin()[pri:2, instance:DemoblazeTest.DemoblazeTest@21e360a]" started-at="2022-11-16T21:38:58 ART" name="invalidLogin" finished-at="2022-11-16T21:39:00 ART" duration-ms="2008" status="PASS">
          <reporter-output>
          </reporter-output>
        </test-method> <!-- invalidLogin -->
        <test-method signature="validLogin()[pri:3, instance:DemoblazeTest.DemoblazeTest@21e360a]" started-at="2022-11-16T21:39:00 ART" name="validLogin" finished-at="2022-11-16T21:39:03 ART" duration-ms="2665" status="PASS">
          <reporter-output>
          </reporter-output>
        </test-method> <!-- validLogin -->
        <test-method signature="searchProduct()[pri:4, instance:DemoblazeTest.DemoblazeTest@21e360a]" started-at="2022-11-16T21:39:03 ART" name="searchProduct" finished-at="2022-11-16T21:39:09 ART" duration-ms="5618" status="PASS">
          <reporter-output>
          </reporter-output>
        </test-method> <!-- searchProduct -->
        <test-method is-config="true" signature="tearDown()[pri:0, instance:DemoblazeTest.DemoblazeTest@21e360a]" started-at="2022-11-16T21:39:09 ART" name="tearDown" finished-at="2022-11-16T21:39:25 ART" duration-ms="16237" status="PASS">
          <reporter-output>
          </reporter-output>
        </test-method> <!-- tearDown -->
      </class> <!-- DemoblazeTest.DemoblazeTest -->
    </test> <!-- Default test -->
  </suite> <!-- Default suite -->
</testng-results>
